[0.023s] Invoking command in '/home/robotserver/Desktop/git/ROS/create3_examples_ws/build/create3_examples_msgs': CMAKE_PREFIX_PATH=/opt/ros/humble CONDA_PROMPT_MODIFIER=(ros2_env) /usr/bin/cmake /home/robotserver/Desktop/git/ROS/create3_examples_ws/src/create3_examples/create3_examples_msgs -DCMAKE_INSTALL_PREFIX=/home/robotserver/Desktop/git/ROS/create3_examples_ws/install/create3_examples_msgs
[0.267s] -- Found ament_cmake: 1.3.9 (/opt/ros/humble/share/ament_cmake/cmake)
[0.267s] -- Found rosidl_default_generators: 1.2.0 (/opt/ros/humble/share/rosidl_default_generators/cmake)
[0.268s] -- Using all available rosidl_typesupport_c: rosidl_typesupport_fastrtps_c;rosidl_typesupport_introspection_c
[0.268s] -- Found rosidl_adapter: 3.1.5 (/opt/ros/humble/share/rosidl_adapter/cmake)
[0.268s] -- Using all available rosidl_typesupport_cpp: rosidl_typesupport_fastrtps_cpp;rosidl_typesupport_introspection_cpp
[0.269s] -- Found action_msgs: 1.2.1 (/opt/ros/humble/share/action_msgs/cmake)
[0.522s] -- Found ament_cmake_cppcheck: 0.12.11 (/opt/ros/humble/share/ament_cmake_cppcheck/cmake)
[0.523s] -- Found ament_cmake_cpplint: 0.12.11 (/opt/ros/humble/share/ament_cmake_cpplint/cmake)
[0.524s] -- Found ament_cmake_uncrustify: 0.12.11 (/opt/ros/humble/share/ament_cmake_uncrustify/cmake)
[0.525s] -- Found ament_cmake_ros: 0.10.0 (/opt/ros/humble/share/ament_cmake_ros/cmake)
[0.715s] -- Using all available rosidl_typesupport_c: rosidl_typesupport_fastrtps_c;rosidl_typesupport_introspection_c
[0.961s] -- Using all available rosidl_typesupport_cpp: rosidl_typesupport_fastrtps_cpp;rosidl_typesupport_introspection_cpp
[0.978s] -- Found python_cmake_module: 0.10.0 (/opt/ros/humble/share/python_cmake_module/cmake)
[0.993s] -- Using PYTHON_EXECUTABLE: /home/robotserver/miniconda3/envs/ros2_env/bin/python3
[0.993s] -- Using PYTHON_INCLUDE_DIRS: /home/robotserver/miniconda3/envs/ros2_env/include/python3.9
[0.993s] -- Using PYTHON_LIBRARIES: /home/robotserver/miniconda3/envs/ros2_env/lib/libpython3.9.so
[1.112s] -- Using numpy include directory: /home/robotserver/miniconda3/envs/ros2_env/lib/python3.9/site-packages/numpy/core/include
[1.124s] -- Found ament_cmake_flake8: 0.12.11 (/opt/ros/humble/share/ament_cmake_flake8/cmake)
[1.126s] -- Found ament_cmake_pep257: 0.12.11 (/opt/ros/humble/share/ament_cmake_pep257/cmake)
[1.139s] -- Configuring done
[1.178s] -- Generating done
[1.180s] -- Build files have been written to: /home/robotserver/Desktop/git/ROS/create3_examples_ws/build/create3_examples_msgs
[1.189s] Invoked command in '/home/robotserver/Desktop/git/ROS/create3_examples_ws/build/create3_examples_msgs' returned '0': CMAKE_PREFIX_PATH=/opt/ros/humble CONDA_PROMPT_MODIFIER=(ros2_env) /usr/bin/cmake /home/robotserver/Desktop/git/ROS/create3_examples_ws/src/create3_examples/create3_examples_msgs -DCMAKE_INSTALL_PREFIX=/home/robotserver/Desktop/git/ROS/create3_examples_ws/install/create3_examples_msgs
[1.191s] Invoking command in '/home/robotserver/Desktop/git/ROS/create3_examples_ws/build/create3_examples_msgs': CMAKE_PREFIX_PATH=/opt/ros/humble CONDA_PROMPT_MODIFIER=(ros2_env) /usr/bin/cmake --build /home/robotserver/Desktop/git/ROS/create3_examples_ws/build/create3_examples_msgs -- -j8 -l8
[1.229s] [  3%] [34m[1mGenerating C code for ROS interfaces[0m
[1.238s] [  6%] [34m[1mGenerating C++ code for ROS interfaces[0m
[1.247s] [  6%] Built target ament_cmake_python_copy_create3_examples_msgs
[1.272s] Traceback (most recent call last):
[1.273s]   File "/opt/ros/humble/share/rosidl_generator_c/cmake/../../../lib/rosidl_generator_c/rosidl_generator_c", line 8, in <module>
[1.273s]     from rosidl_generator_c import generate_c
[1.273s]   File "/opt/ros/humble/local/lib/python3.10/dist-packages/rosidl_generator_c/__init__.py", line 15, in <module>
[1.273s]     from rosidl_cmake import convert_camel_case_to_lower_case_underscore
[1.273s]   File "/opt/ros/humble/local/lib/python3.10/dist-packages/rosidl_cmake/__init__.py", line 24, in <module>
[1.273s]     from rosidl_parser.parser import parse_idl_file
[1.273s]   File "/opt/ros/humble/local/lib/python3.10/dist-packages/rosidl_parser/parser.py", line 20, in <module>
[1.273s]     from lark import Lark
[1.274s] ModuleNotFoundError: No module named 'lark'
[1.278s] gmake[2]: *** [CMakeFiles/create3_examples_msgs__rosidl_generator_c.dir/build.make:94: rosidl_generator_c/create3_examples_msgs/action/coverage.h] Error 1
[1.278s] gmake[1]: *** [CMakeFiles/Makefile2:212: CMakeFiles/create3_examples_msgs__rosidl_generator_c.dir/all] Error 2
[1.278s] gmake[1]: *** Waiting for unfinished jobs....
[1.282s] Traceback (most recent call last):
[1.282s]   File "/opt/ros/humble/share/rosidl_generator_cpp/cmake/../../../lib/rosidl_generator_cpp/rosidl_generator_cpp", line 8, in <module>
[1.282s]     from rosidl_generator_cpp import generate_cpp
[1.282s]   File "/opt/ros/humble/local/lib/python3.10/dist-packages/rosidl_generator_cpp/__init__.py", line 17, in <module>
[1.282s]     from rosidl_cmake import generate_files
[1.282s]   File "/opt/ros/humble/local/lib/python3.10/dist-packages/rosidl_cmake/__init__.py", line 24, in <module>
[1.282s]     from rosidl_parser.parser import parse_idl_file
[1.283s]   File "/opt/ros/humble/local/lib/python3.10/dist-packages/rosidl_parser/parser.py", line 20, in <module>
[1.283s]     from lark import Lark
[1.283s] ModuleNotFoundError: No module named 'lark'
[1.287s] gmake[2]: *** [CMakeFiles/create3_examples_msgs__cpp.dir/build.make:98: rosidl_generator_cpp/create3_examples_msgs/action/coverage.hpp] Error 1
[1.287s] gmake[1]: *** [CMakeFiles/Makefile2:317: CMakeFiles/create3_examples_msgs__cpp.dir/all] Error 2
[1.405s] running egg_info
[1.406s] creating create3_examples_msgs.egg-info
[1.415s] writing create3_examples_msgs.egg-info/PKG-INFO
[1.416s] writing dependency_links to create3_examples_msgs.egg-info/dependency_links.txt
[1.416s] writing top-level names to create3_examples_msgs.egg-info/top_level.txt
[1.416s] writing manifest file 'create3_examples_msgs.egg-info/SOURCES.txt'
[1.442s] reading manifest file 'create3_examples_msgs.egg-info/SOURCES.txt'
[1.443s] writing manifest file 'create3_examples_msgs.egg-info/SOURCES.txt'
[1.467s] [  6%] Built target ament_cmake_python_build_create3_examples_msgs_egg
[1.468s] gmake: *** [Makefile:146: all] Error 2
[1.470s] Invoked command in '/home/robotserver/Desktop/git/ROS/create3_examples_ws/build/create3_examples_msgs' returned '2': CMAKE_PREFIX_PATH=/opt/ros/humble CONDA_PROMPT_MODIFIER=(ros2_env) /usr/bin/cmake --build /home/robotserver/Desktop/git/ROS/create3_examples_ws/build/create3_examples_msgs -- -j8 -l8
