[31mCMake Error at /opt/ros/humble/share/rosidl_adapter/cmake/rosidl_adapt_interfaces.cmake:59 (message):
  execute_process(/home/robotserver/miniconda3/envs/ros2_env/bin/python3 -m
  rosidl_adapter --package-name create3_examples_msgs --arguments-file
  /home/robotserver/Desktop/git/ROS/create3_examples_ws/build/create3_examples_msgs/rosidl_adapter__arguments__create3_examples_msgs.json
  --output-dir
  /home/robotserver/Desktop/git/ROS/create3_examples_ws/build/create3_examples_msgs/rosidl_adapter/create3_examples_msgs
  --output-file
  /home/robotserver/Desktop/git/ROS/create3_examples_ws/build/create3_examples_msgs/rosidl_adapter/create3_examples_msgs.idls)
  returned error code 1:

  AttributeError processing template 'action.idl.em'

  Traceback (most recent call last):

    File "/opt/ros/humble/local/lib/python3.10/dist-packages/rosidl_adapter/resource/__init__.py", line 51, in evaluate_template
      em.BUFFERED_OPT: True,

  AttributeError: module 'em' has no attribute 'BUFFERED_OPT'

  

  During handling of the above exception, another exception occurred:

  

  Traceback (most recent call last):

    File "/home/robotserver/miniconda3/envs/ros2_env/lib/python3.9/runpy.py", line 197, in _run_module_as_main
      return _run_code(code, main_globals, None,
    File "/home/robotserver/miniconda3/envs/ros2_env/lib/python3.9/runpy.py", line 87, in _run_code
      exec(code, run_globals)
    File "/opt/ros/humble/local/lib/python3.10/dist-packages/rosidl_adapter/__main__.py", line 19, in <module>
      sys.exit(main())
    File "/opt/ros/humble/local/lib/python3.10/dist-packages/rosidl_adapter/main.py", line 53, in main
      abs_idl_file = convert_to_idl(
    File "/opt/ros/humble/local/lib/python3.10/dist-packages/rosidl_adapter/__init__.py", line 29, in convert_to_idl
      return convert_action_to_idl(
    File "/opt/ros/humble/local/lib/python3.10/dist-packages/rosidl_adapter/action/__init__.py", line 39, in convert_action_to_idl
      expand_template('action.idl.em', data, output_file, encoding='iso-8859-1')
    File "/opt/ros/humble/local/lib/python3.10/dist-packages/rosidl_adapter/resource/__init__.py", line 23, in expand_template
      content = evaluate_template(template_name, data)
    File "/opt/ros/humble/local/lib/python3.10/dist-packages/rosidl_adapter/resource/__init__.py", line 69, in evaluate_template
      _interpreter.shutdown()

  AttributeError: 'NoneType' object has no attribute 'shutdown'

Call Stack (most recent call first):
  /opt/ros/humble/share/rosidl_cmake/cmake/rosidl_generate_interfaces.cmake:130 (rosidl_adapt_interfaces)
  CMakeLists.txt:23 (rosidl_generate_interfaces)

[0m
