[0.021s] Invoking command in '/home/robotserver/Desktop/git/ROS/create3_examples_ws/build/create3_examples_msgs': CMAKE_PREFIX_PATH=/opt/ros/humble CONDA_PROMPT_MODIFIER=(ros2_env) /usr/bin/cmake /home/robotserver/Desktop/git/ROS/create3_examples_ws/src/create3_examples/create3_examples_msgs -DCMAKE_INSTALL_PREFIX=/home/robotserver/Desktop/git/ROS/create3_examples_ws/install/create3_examples_msgs
[0.293s] -- The C compiler identification is GNU 11.4.0
[0.294s] -- The CXX compiler identification is GNU 11.4.0
[0.294s] -- Detecting C compiler ABI info
[0.294s] -- Detecting C compiler ABI info - done
[0.295s] -- Check for working C compiler: /usr/bin/cc - skipped
[0.295s] -- Detecting C compile features
[0.295s] -- Detecting C compile features - done
[0.295s] -- Detecting CXX compiler ABI info
[0.305s] -- Detecting CXX compiler ABI info - done
[0.313s] -- Check for working CXX compiler: /usr/bin/c++ - skipped
[0.313s] -- Detecting CXX compile features
[0.314s] -- Detecting CXX compile features - done
[0.316s] -- Found ament_cmake: 1.3.9 (/opt/ros/humble/share/ament_cmake/cmake)
[0.767s] -- Found Python3: /home/robotserver/miniconda3/envs/ros2_env/bin/python3 (found version "3.9.19") found components: Interpreter 
[0.859s] -- Found rosidl_default_generators: 1.2.0 (/opt/ros/humble/share/rosidl_default_generators/cmake)
[0.862s] -- Using all available rosidl_typesupport_c: rosidl_typesupport_fastrtps_c;rosidl_typesupport_introspection_c
[0.867s] -- Found rosidl_adapter: 3.1.5 (/opt/ros/humble/share/rosidl_adapter/cmake)
[0.909s] -- Using all available rosidl_typesupport_cpp: rosidl_typesupport_fastrtps_cpp;rosidl_typesupport_introspection_cpp
[0.954s] -- Found action_msgs: 1.2.1 (/opt/ros/humble/share/action_msgs/cmake)
[1.208s] [31mCMake Error at /opt/ros/humble/share/rosidl_adapter/cmake/rosidl_adapt_interfaces.cmake:59 (message):
[1.208s]   execute_process(/home/robotserver/miniconda3/envs/ros2_env/bin/python3 -m
[1.208s]   rosidl_adapter --package-name create3_examples_msgs --arguments-file
[1.208s]   /home/robotserver/Desktop/git/ROS/create3_examples_ws/build/create3_examples_msgs/rosidl_adapter__arguments__create3_examples_msgs.json
[1.208s]   --output-dir
[1.208s]   /home/robotserver/Desktop/git/ROS/create3_examples_ws/build/create3_examples_msgs/rosidl_adapter/create3_examples_msgs
[1.208s]   --output-file
[1.208s]   /home/robotserver/Desktop/git/ROS/create3_examples_ws/build/create3_examples_msgs/rosidl_adapter/create3_examples_msgs.idls)
[1.208s]   returned error code 1:
[1.208s] 
[1.208s]   AttributeError processing template 'action.idl.em'
[1.208s] 
[1.208s]   Traceback (most recent call last):
[1.208s] 
[1.208s]     File "/opt/ros/humble/local/lib/python3.10/dist-packages/rosidl_adapter/resource/__init__.py", line 51, in evaluate_template
[1.208s]       em.BUFFERED_OPT: True,
[1.209s] 
[1.209s]   AttributeError: module 'em' has no attribute 'BUFFERED_OPT'
[1.209s] 
[1.209s]   
[1.209s] 
[1.209s]   During handling of the above exception, another exception occurred:
[1.209s] 
[1.209s]   
[1.209s] 
[1.209s]   Traceback (most recent call last):
[1.209s] 
[1.209s]     File "/home/robotserver/miniconda3/envs/ros2_env/lib/python3.9/runpy.py", line 197, in _run_module_as_main
[1.210s]       return _run_code(code, main_globals, None,
[1.210s]     File "/home/robotserver/miniconda3/envs/ros2_env/lib/python3.9/runpy.py", line 87, in _run_code
[1.210s]       exec(code, run_globals)
[1.210s]     File "/opt/ros/humble/local/lib/python3.10/dist-packages/rosidl_adapter/__main__.py", line 19, in <module>
[1.210s]       sys.exit(main())
[1.210s]     File "/opt/ros/humble/local/lib/python3.10/dist-packages/rosidl_adapter/main.py", line 53, in main
[1.210s]       abs_idl_file = convert_to_idl(
[1.210s]     File "/opt/ros/humble/local/lib/python3.10/dist-packages/rosidl_adapter/__init__.py", line 29, in convert_to_idl
[1.210s]       return convert_action_to_idl(
[1.211s]     File "/opt/ros/humble/local/lib/python3.10/dist-packages/rosidl_adapter/action/__init__.py", line 39, in convert_action_to_idl
[1.211s]       expand_template('action.idl.em', data, output_file, encoding='iso-8859-1')
[1.211s]     File "/opt/ros/humble/local/lib/python3.10/dist-packages/rosidl_adapter/resource/__init__.py", line 23, in expand_template
[1.211s]       content = evaluate_template(template_name, data)
[1.211s]     File "/opt/ros/humble/local/lib/python3.10/dist-packages/rosidl_adapter/resource/__init__.py", line 69, in evaluate_template
[1.211s]       _interpreter.shutdown()
[1.211s] 
[1.212s]   AttributeError: 'NoneType' object has no attribute 'shutdown'
[1.212s] 
[1.212s] Call Stack (most recent call first):
[1.212s]   /opt/ros/humble/share/rosidl_cmake/cmake/rosidl_generate_interfaces.cmake:130 (rosidl_adapt_interfaces)
[1.212s]   CMakeLists.txt:23 (rosidl_generate_interfaces)
[1.212s] 
[1.212s] [0m
[1.212s] -- Configuring incomplete, errors occurred!
[1.212s] See also "/home/robotserver/Desktop/git/ROS/create3_examples_ws/build/create3_examples_msgs/CMakeFiles/CMakeOutput.log".
[1.219s] Invoked command in '/home/robotserver/Desktop/git/ROS/create3_examples_ws/build/create3_examples_msgs' returned '1': CMAKE_PREFIX_PATH=/opt/ros/humble CONDA_PROMPT_MODIFIER=(ros2_env) /usr/bin/cmake /home/robotserver/Desktop/git/ROS/create3_examples_ws/src/create3_examples/create3_examples_msgs -DCMAKE_INSTALL_PREFIX=/home/robotserver/Desktop/git/ROS/create3_examples_ws/install/create3_examples_msgs
